#
# A fatal error has been detected by the Java Runtime Environment:
#
#  SIGSEGV (0xb) at pc=0x00007fff87c59fc9, pid=5118, tid=14099
#
# JRE version: Java(TM) SE Runtime Environment (8.0_60-b25) (build 1.8.0_60-ea-b25)
# Java VM: Java HotSpot(TM) 64-Bit Server VM (25.60-b23 mixed mode bsd-amd64 compressed oops)
# Problematic frame:
# C  [libsystem_platform.dylib+0x4fc9]  _platform_memmove$VARIANT$Unknown+0x29
#
# Failed to write core dump. Core dumps have been disabled. To enable core dumping, try "ulimit -c unlimited" before starting Java again
#
# If you would like to submit a bug report, please visit:
#   http://bugreport.java.com/bugreport/crash.jsp
# The crash happened outside the Java Virtual Machine in native code.
# See problematic frame for where to report the bug.
#

---------------  T H R E A D  ---------------

Current thread (0x00007fcf16166000):  JavaThread "application-akka.actor.default-dispatcher-39" [_thread_in_native, id=14099, stack(0x000000011ad21000,0x000000011ae21000)]

siginfo: si_signo: 11 (SIGSEGV), si_code: 1 (SEGV_MAPERR), si_addr: 0x000000011e61d000

Registers:
RAX=0x00007fcf1831ac02, RBX=0x000000011e618440, RCX=0x000000000000c46d, RDX=0x000000000000f237
RSP=0x000000011ae1e350, RBP=0x000000011ae1e350, RSI=0x000000011e61d000, RDI=0x00007fcf1831d9cc
R8 =0x00007fcf182f0e00, R9 =0x0000000000000002, R10=0x000000009e962d20, R11=0x00007fcdf9d009cc
R12=0x0000000000080808, R13=0x0000000000000000, R14=0x000000004757803d, R15=0x000000000000f237
RIP=0x00007fff87c59fc9, EFLAGS=0x0000000000010202, ERR=0x0000000000000004
  TRAPNO=0x000000000000000e

Top of Stack: (sp=0x000000011ae1e350)
0x000000011ae1e350:   000000011ae1e3c0 000000010cbf9086
0x000000011ae1e360:   0000003700000040 00000000000000f2
0x000000011ae1e370:   0000000000000342 00007fcf185b2600
0x000000011ae1e380:   0000000000001dc8 00007fcf145768f0
0x000000011ae1e390:   00007fcf18a074e0 00007fcf145768f0
0x000000011ae1e3a0:   00007fcf17913400 00000000000005c0
0x000000011ae1e3b0:   00000000878d0319 00007fcf18a071e0
0x000000011ae1e3c0:   000000011ae1e420 000000010cbf9554
0x000000011ae1e3d0:   000000011ae1e472 000000011ae1e471
0x000000011ae1e3e0:   0000003200000000 0000003301166000
0x000000011ae1e3f0:   000000011ae1e43e 000000011ae1e888
0x000000011ae1e400:   0000000000000033 000000011ae1e43e
0x000000011ae1e410:   00007fcf145768f0 00007fcf161661f8
0x000000011ae1e420:   000000011ae1e870 000000010cbf834f
0x000000011ae1e430:   0000000000000001 7565000000000001
0x000000011ae1e440:   64657263696e752f 65422f73772f7469
0x000000011ae1e450:   726f74634168636e 75666e6f6e612424
0x000000011ae1e460:   766965636572246e 73616c632e342465
0x000000011ae1e470:   000000011a000073 0000000000000000
0x000000011ae1e480:   0000000000000000 0000000000000040
0x000000011ae1e490:   000000401ae1ebd8 000000011ae1ee80
0x000000011ae1e4a0:   00007fff71c306b8 00000000ffffffff
0x000000011ae1e4b0:   0000000000000000 0000000000000000
0x000000011ae1e4c0:   000000051ae1ec00 5800000000000000
0x000000011ae1e4d0:   0000000071c306b8 0000000000000000
0x000000011ae1e4e0:   0000000000000000 000000000000002d
0x000000011ae1e4f0:   000000011ae1e8c0 000000011ae1e508
0x000000011ae1e500:   0000000000000000 000000011ae1ee80
0x000000011ae1e510:   0000000000000040 0000000000000000
0x000000011ae1e520:   000000011ae1e8f0 000000011ae1e538
0x000000011ae1e530:   0000000000000000 000000010d9dcd45
0x000000011ae1e540:   0000000000000005 00007fcf11c10590 

Instructions: (pc=0x00007fff87c59fc9)
0x00007fff87c59fa9:   f3 48 89 f8 49 39 d3 72 1b 48 83 fa 60 76 2f 48
0x00007fff87c59fb9:   81 fa 00 40 00 00 0f 82 bb 00 00 00 48 89 d1 fc
0x00007fff87c59fc9:   f3 a4 5d c3 48 39 fe 74 f9 48 01 d6 48 01 d7 48
0x00007fff87c59fd9:   83 fa 60 0f 82 5c 01 00 00 e9 79 01 00 00 48 83 

Register to memory mapping:

RAX=0x00007fcf1831ac02 is an unknown value
RBX=0x000000011e618440 is an unknown value
RCX=0x000000000000c46d is an unknown value
RDX=0x000000000000f237 is an unknown value
RSP=0x000000011ae1e350 is pointing into the stack for thread: 0x00007fcf16166000
RBP=0x000000011ae1e350 is pointing into the stack for thread: 0x00007fcf16166000
RSI=0x000000011e61d000 is an unknown value
RDI=0x00007fcf1831d9cc is an unknown value
R8 =0x00007fcf182f0e00 is an unknown value
R9 =0x0000000000000002 is an unknown value
R10=0x000000009e962d20 is an unknown value
R11=0x00007fcdf9d009cc is an unknown value
R12=0x0000000000080808 is an unknown value
R13=0x0000000000000000 is an unknown value
R14=0x000000004757803d is an unknown value
R15=0x000000000000f237 is an unknown value


Stack: [0x000000011ad21000,0x000000011ae21000],  sp=0x000000011ae1e350,  free space=1012k
Native frames: (J=compiled Java code, j=interpreted, Vv=VM code, C=native code)
C  [libsystem_platform.dylib+0x4fc9]  _platform_memmove$VARIANT$Unknown+0x29
C  [libzip.dylib+0x3086]  newEntry+0x321
C  [libzip.dylib+0x3554]  ZIP_GetEntry2+0xd4
C  [libzip.dylib+0x234f]  Java_java_util_zip_ZipFile_getEntry+0xcf
J 134  java.util.zip.ZipFile.getEntry(J[BZ)J (0 bytes) @ 0x000000010e50290e [0x000000010e502840+0xce]
J 6780 C2 sun.misc.URLClassPath$JarLoader.getResource(Ljava/lang/String;Z)Lsun/misc/Resource; (85 bytes) @ 0x000000010ee872f4 [0x000000010ee86e40+0x4b4]
J 2066 C2 sun.misc.URLClassPath.getResource(Ljava/lang/String;Z)Lsun/misc/Resource; (83 bytes) @ 0x000000010e97a5f0 [0x000000010e97a500+0xf0]
J 7201 C1 java.net.URLClassLoader$1.run()Ljava/lang/Class; (63 bytes) @ 0x000000010f1fa46c [0x000000010f1fa260+0x20c]
J 7200 C2 java.net.URLClassLoader$1.run()Ljava/lang/Object; (5 bytes) @ 0x000000010eb00514 [0x000000010eb004e0+0x34]
v  ~StubRoutines::call_stub
V  [libjvm.dylib+0x2ea27a]  JavaCalls::call_helper(JavaValue*, methodHandle*, JavaCallArguments*, Thread*)+0x6ae
V  [libjvm.dylib+0x34a744]  JVM_DoPrivileged+0x4b8
J 158  java.security.AccessController.doPrivileged(Ljava/security/PrivilegedExceptionAction;Ljava/security/AccessControlContext;)Ljava/lang/Object; (0 bytes) @ 0x000000010e50e215 [0x000000010e50e140+0xd5]
J 1071 C2 java.net.URLClassLoader.findClass(Ljava/lang/String;)Ljava/lang/Class; (47 bytes) @ 0x000000010e70c6fc [0x000000010e70c660+0x9c]
J 982 C2 java.lang.ClassLoader.loadClass(Ljava/lang/String;Z)Ljava/lang/Class; (122 bytes) @ 0x000000010e6e5830 [0x000000010e6e5440+0x3f0]
J 3964 C2 java.lang.ClassLoader.loadClass(Ljava/lang/String;)Ljava/lang/Class; (7 bytes) @ 0x000000010ec8853c [0x000000010ec884e0+0x5c]
v  ~StubRoutines::call_stub
V  [libjvm.dylib+0x2ea27a]  JavaCalls::call_helper(JavaValue*, methodHandle*, JavaCallArguments*, Thread*)+0x6ae
V  [libjvm.dylib+0x2eaa08]  JavaCalls::call_virtual(JavaValue*, KlassHandle, Symbol*, Symbol*, JavaCallArguments*, Thread*)+0x164
V  [libjvm.dylib+0x2eab60]  JavaCalls::call_virtual(JavaValue*, Handle, KlassHandle, Symbol*, Symbol*, Handle, Thread*)+0x56
V  [libjvm.dylib+0x532dc0]  SystemDictionary::load_instance_class(Symbol*, Handle, Thread*)+0x2d8
V  [libjvm.dylib+0x532559]  SystemDictionary::resolve_instance_class_or_null(Symbol*, Handle, Handle, Thread*)+0x48f
V  [libjvm.dylib+0x532fdc]  SystemDictionary::resolve_or_null(Symbol*, Handle, Handle, Thread*)+0x106
V  [libjvm.dylib+0x53364b]  SystemDictionary::resolve_or_fail(Symbol*, Handle, Handle, bool, Thread*)+0x31
V  [libjvm.dylib+0x1e1166]  ConstantPool::klass_at_impl(constantPoolHandle, int, Thread*)+0x2ee
V  [libjvm.dylib+0x1f142a]  ConstantPool::klass_at(int, Thread*)+0x92
V  [libjvm.dylib+0x2e5c57]  InterpreterRuntime::_new(JavaThread*, ConstantPool*, int)+0x2d
j  eu.unicredit.ws.BenchActor.receive()Lscala/PartialFunction;+126
j  akka.actor.ActorCell.newActor()Lakka/actor/Actor;+84
j  akka.actor.ActorCell.create(Lscala/Option;)V+13
j  akka.actor.ActorCell.invokeAll$1(Lakka/dispatch/sysmsg/SystemMessage;I)V+279
j  akka.actor.ActorCell.systemInvoke(Lakka/dispatch/sysmsg/SystemMessage;)V+6
J 7864 C2 akka.dispatch.Mailbox.run()V (59 bytes) @ 0x000000010f32e324 [0x000000010f32d860+0xac4]
J 7817 C2 scala.concurrent.forkjoin.ForkJoinPool$WorkQueue.runTask(Lscala/concurrent/forkjoin/ForkJoinTask;)V (60 bytes) @ 0x000000010f2f30a8 [0x000000010f2f3020+0x88]
J 7772 C1 scala.concurrent.forkjoin.ForkJoinPool.runWorker(Lscala/concurrent/forkjoin/ForkJoinPool$WorkQueue;)V (22 bytes) @ 0x000000010f2df23c [0x000000010f2df060+0x1dc]
j  scala.concurrent.forkjoin.ForkJoinWorkerThread.run()V+14
v  ~StubRoutines::call_stub
V  [libjvm.dylib+0x2ea27a]  JavaCalls::call_helper(JavaValue*, methodHandle*, JavaCallArguments*, Thread*)+0x6ae
V  [libjvm.dylib+0x2eaa08]  JavaCalls::call_virtual(JavaValue*, KlassHandle, Symbol*, Symbol*, JavaCallArguments*, Thread*)+0x164
V  [libjvm.dylib+0x2eabb4]  JavaCalls::call_virtual(JavaValue*, Handle, KlassHandle, Symbol*, Symbol*, Thread*)+0x4a
V  [libjvm.dylib+0x3450d1]  thread_entry(JavaThread*, Thread*)+0x7c
V  [libjvm.dylib+0x560a43]  JavaThread::thread_main_inner()+0x9b
V  [libjvm.dylib+0x56213e]  JavaThread::run()+0x1c2
V  [libjvm.dylib+0x482ba6]  java_start(Thread*)+0xf6
C  [libsystem_pthread.dylib+0x405a]  _pthread_body+0x83
C  [libsystem_pthread.dylib+0x3fd7]  _pthread_body+0x0
C  [libsystem_pthread.dylib+0x13ed]  thread_start+0xd
C  0x0000000000000000

Java frames: (J=compiled Java code, j=interpreted, Vv=VM code)
J 134  java.util.zip.ZipFile.getEntry(J[BZ)J (0 bytes) @ 0x000000010e502898 [0x000000010e502840+0x58]
J 6780 C2 sun.misc.URLClassPath$JarLoader.getResource(Ljava/lang/String;Z)Lsun/misc/Resource; (85 bytes) @ 0x000000010ee872f4 [0x000000010ee86e40+0x4b4]
J 2066 C2 sun.misc.URLClassPath.getResource(Ljava/lang/String;Z)Lsun/misc/Resource; (83 bytes) @ 0x000000010e97a5f0 [0x000000010e97a500+0xf0]
J 7201 C1 java.net.URLClassLoader$1.run()Ljava/lang/Class; (63 bytes) @ 0x000000010f1fa46c [0x000000010f1fa260+0x20c]
J 7200 C2 java.net.URLClassLoader$1.run()Ljava/lang/Object; (5 bytes) @ 0x000000010eb00514 [0x000000010eb004e0+0x34]
v  ~StubRoutines::call_stub
J 158  java.security.AccessController.doPrivileged(Ljava/security/PrivilegedExceptionAction;Ljava/security/AccessControlContext;)Ljava/lang/Object; (0 bytes) @ 0x000000010e50e1a3 [0x000000010e50e140+0x63]
J 1071 C2 java.net.URLClassLoader.findClass(Ljava/lang/String;)Ljava/lang/Class; (47 bytes) @ 0x000000010e70c6fc [0x000000010e70c660+0x9c]
J 982 C2 java.lang.ClassLoader.loadClass(Ljava/lang/String;Z)Ljava/lang/Class; (122 bytes) @ 0x000000010e6e5830 [0x000000010e6e5440+0x3f0]
J 3964 C2 java.lang.ClassLoader.loadClass(Ljava/lang/String;)Ljava/lang/Class; (7 bytes) @ 0x000000010ec8853c [0x000000010ec884e0+0x5c]
v  ~StubRoutines::call_stub
j  eu.unicredit.ws.BenchActor.receive()Lscala/PartialFunction;+126
j  akka.actor.ActorCell.newActor()Lakka/actor/Actor;+84
j  akka.actor.ActorCell.create(Lscala/Option;)V+13
j  akka.actor.ActorCell.invokeAll$1(Lakka/dispatch/sysmsg/SystemMessage;I)V+279
j  akka.actor.ActorCell.systemInvoke(Lakka/dispatch/sysmsg/SystemMessage;)V+6
J 7864 C2 akka.dispatch.Mailbox.run()V (59 bytes) @ 0x000000010f32e324 [0x000000010f32d860+0xac4]
J 7817 C2 scala.concurrent.forkjoin.ForkJoinPool$WorkQueue.runTask(Lscala/concurrent/forkjoin/ForkJoinTask;)V (60 bytes) @ 0x000000010f2f30a8 [0x000000010f2f3020+0x88]
J 7772 C1 scala.concurrent.forkjoin.ForkJoinPool.runWorker(Lscala/concurrent/forkjoin/ForkJoinPool$WorkQueue;)V (22 bytes) @ 0x000000010f2df23c [0x000000010f2df060+0x1dc]
j  scala.concurrent.forkjoin.ForkJoinWorkerThread.run()V+14
v  ~StubRoutines::call_stub

---------------  P R O C E S S  ---------------

Java Threads: ( => current thread )
  0x00007fcf159b3800 JavaThread "application-akka.actor.default-dispatcher-43" [_thread_blocked, id=12075, stack(0x000000012042d000,0x000000012052d000)]
  0x00007fcf15c1f000 JavaThread "application-akka.actor.default-dispatcher-42" [_thread_blocked, id=20535, stack(0x0000000120227000,0x0000000120327000)]
  0x00007fcf159f3000 JavaThread "application-akka.actor.default-dispatcher-41" [_thread_blocked, id=36375, stack(0x0000000120124000,0x0000000120224000)]
=>0x00007fcf16166000 JavaThread "application-akka.actor.default-dispatcher-39" [_thread_in_native, id=14099, stack(0x000000011ad21000,0x000000011ae21000)]
  0x00007fcf15bbd000 JavaThread "application-akka.actor.default-dispatcher-38" [_thread_blocked, id=29975, stack(0x000000012131b000,0x000000012141b000)]
  0x00007fcf176e6000 JavaThread "Timer-0" daemon [_thread_blocked, id=36867, stack(0x000000012340d000,0x000000012350d000)]
  0x00007fcf159f4800 JavaThread "application-scheduler-1" [_thread_blocked, id=29719, stack(0x000000011f81b000,0x000000011f91b000)]
  0x00007fcf127b9800 JavaThread "New I/O server boss #9" [_thread_in_native, id=35075, stack(0x000000012203c000,0x000000012213c000)]
  0x00007fcf17a79800 JavaThread "New I/O worker #8" [_thread_in_native, id=34563, stack(0x0000000121f39000,0x0000000122039000)]
  0x00007fcf17a67000 JavaThread "New I/O worker #7" [_thread_in_native, id=34051, stack(0x0000000121e36000,0x0000000121f36000)]
  0x00007fcf17a54000 JavaThread "New I/O worker #6" [_thread_in_native, id=33539, stack(0x0000000121d33000,0x0000000121e33000)]
  0x00007fcf17a09800 JavaThread "New I/O worker #5" [_thread_in_native, id=33027, stack(0x0000000121c30000,0x0000000121d30000)]
  0x00007fcf158c0800 JavaThread "New I/O worker #4" [_thread_in_native, id=32515, stack(0x0000000121b2d000,0x0000000121c2d000)]
  0x00007fcf17a09000 JavaThread "New I/O worker #3" [_thread_in_native, id=32003, stack(0x0000000121a2a000,0x0000000121b2a000)]
  0x00007fcf179fb000 JavaThread "New I/O worker #2" [_thread_in_native, id=31491, stack(0x0000000121927000,0x0000000121a27000)]
  0x00007fcf1816d800 JavaThread "New I/O worker #1" [_thread_in_native, id=30979, stack(0x0000000121824000,0x0000000121924000)]
  0x00007fcf161b3000 JavaThread "application-akka.actor.default-dispatcher-4" [_thread_blocked, id=30467, stack(0x0000000121521000,0x0000000121621000)]
  0x00007fcf179f8800 JavaThread "application-scheduler-1" [_thread_blocked, id=28931, stack(0x0000000121018000,0x0000000121118000)]
  0x00007fcf126fa800 JavaThread "FSEvent thread" daemon [_thread_in_native, id=25091, stack(0x0000000120b15000,0x0000000120c15000)]
  0x00007fcf15c1e000 JavaThread "pool-6-thread-3" [_thread_in_native, id=23311, stack(0x000000012032a000,0x000000012042a000)]
  0x00007fcf1814f000 JavaThread "sbt-web-akka.actor.default-dispatcher-3" [_thread_blocked, id=19735, stack(0x000000011ff1e000,0x000000012001e000)]
  0x00007fcf18118000 JavaThread "sbt-web-scheduler-1" [_thread_blocked, id=22031, stack(0x000000011f1f9000,0x000000011f2f9000)]
  0x00007fcf1207e000 JavaThread "Service Thread" daemon [_thread_blocked, id=18179, stack(0x000000011ca09000,0x000000011cb09000)]
  0x00007fcf13028000 JavaThread "C1 CompilerThread2" daemon [_thread_blocked, id=17667, stack(0x000000011c906000,0x000000011ca06000)]
  0x00007fcf13010800 JavaThread "C2 CompilerThread1" daemon [_thread_blocked, id=17155, stack(0x000000011c803000,0x000000011c903000)]
  0x00007fcf1202b800 JavaThread "C2 CompilerThread0" daemon [_thread_blocked, id=16643, stack(0x000000011c700000,0x000000011c800000)]
  0x00007fcf1202b000 JavaThread "Signal Dispatcher" daemon [_thread_blocked, id=12567, stack(0x000000011c5fd000,0x000000011c6fd000)]
  0x00007fcf1204f000 JavaThread "Finalizer" daemon [_thread_blocked, id=11523, stack(0x000000011abdd000,0x000000011acdd000)]
  0x00007fcf12805000 JavaThread "Reference Handler" daemon [_thread_blocked, id=11011, stack(0x000000011aada000,0x000000011abda000)]
  0x00007fcf12012800 JavaThread "main" [_thread_blocked, id=4867, stack(0x000000010cadc000,0x000000010cbdc000)]

Other Threads:
  0x00007fcf1204e800 VMThread [stack: 0x000000011a9d7000,0x000000011aad7000] [id=10499]
  0x00007fcf13063000 WatcherThread [stack: 0x000000011cb0c000,0x000000011cc0c000] [id=18691]

VM state:not at safepoint (normal execution)

VM Mutex/Monitor currently owned by a thread: None

Heap:
 PSYoungGen      total 311808K, used 101339K [0x00000007aab00000, 0x00000007c0000000, 0x00000007c0000000)
  eden space 297984K, 29% used [0x00000007aab00000,0x00000007b0078d18,0x00000007bce00000)
  from space 13824K, 99% used [0x00000007bce00000,0x00000007bdb7e2b0,0x00000007bdb80000)
  to   space 26112K, 0% used [0x00000007be680000,0x00000007be680000,0x00000007c0000000)
 ParOldGen       total 699392K, used 25780K [0x0000000780000000, 0x00000007aab00000, 0x00000007aab00000)
  object space 699392K, 3% used [0x0000000780000000,0x000000078192d1f0,0x00000007aab00000)
 Metaspace       used 72375K, capacity 73136K, committed 73344K, reserved 1110016K
  class space    used 13206K, capacity 13385K, committed 13440K, reserved 1048576K

Card table byte_map: [0x00000001165bb000,0x00000001167bc000] byte_map_base: 0x00000001129bb000

Marking Bits: (ParMarkBitMap*) 0x000000010dcddd80
 Begin Bits: [0x0000000116d1e000, 0x0000000117d1e000)
 End Bits:   [0x0000000117d1e000, 0x0000000118d1e000)

Polling page: 0x000000010cbec000

CodeCache: size=131072Kb used=15709Kb max_used=15830Kb free=115363Kb
 bounds [0x000000010e3bb000, 0x000000010f35b000, 0x00000001163bb000]
 total_blobs=7113 nmethods=6608 adapters=415
 compilation: enabled

Compilation events (10 events):
Event: 3367.260 Thread 0x00007fcf13028000 8139       3       akka.dispatch.MessageDispatcher::inhabitants (11 bytes)
Event: 3367.260 Thread 0x00007fcf13028000 nmethod 8139 0x000000010f325e90 code [0x000000010f325fe0, 0x000000010f326150]
Event: 3367.260 Thread 0x00007fcf13028000 8140       3       akka.actor.ActorCell::behaviorStack_$eq (6 bytes)
Event: 3367.261 Thread 0x00007fcf13028000 nmethod 8140 0x000000010f214f10 code [0x000000010f215060, 0x000000010f2151d0]
Event: 3367.261 Thread 0x00007fcf13028000 8137       1       org.jboss.netty.channel.UpstreamChannelStateEvent::getValue (5 bytes)
Event: 3367.261 Thread 0x00007fcf13028000 nmethod 8137 0x000000010f2f9f50 code [0x000000010f2fa0a0, 0x000000010f2fa1b0]
Event: 3367.261 Thread 0x00007fcf13028000 8141       1       scala.concurrent.stm.ccstm.AccessHistory::_rCount (5 bytes)
Event: 3367.261 Thread 0x00007fcf13028000 nmethod 8141 0x000000010f2f9c90 code [0x000000010f2f9de0, 0x000000010f2f9ef0]
Event: 3367.763 Thread 0x00007fcf13028000 8142       3       scala.concurrent.impl.Promise$DefaultPromise::root (24 bytes)
Event: 3367.763 Thread 0x00007fcf13028000 nmethod 8142 0x000000010f33dbd0 code [0x000000010f33dd60, 0x000000010f33e1d0]

GC Heap History (10 events):
Event: 11.732 GC heap before
{Heap before GC invocations=6 (full 2):
 PSYoungGen      total 305664K, used 278763K [0x00000007aab00000, 0x00000007c0000000, 0x00000007c0000000)
  eden space 262144K, 100% used [0x00000007aab00000,0x00000007bab00000,0x00000007bab00000)
  from space 43520K, 38% used [0x00000007bab00000,0x00000007bbb3ad48,0x00000007bd580000)
  to   space 43520K, 0% used [0x00000007bd580000,0x00000007bd580000,0x00000007c0000000)
 ParOldGen       total 699392K, used 18346K [0x0000000780000000, 0x00000007aab00000, 0x00000007aab00000)
  object space 699392K, 2% used [0x0000000780000000,0x00000007811eab60,0x00000007aab00000)
 Metaspace       used 56566K, capacity 57130K, committed 57216K, reserved 1095680K
  class space    used 10643K, capacity 10833K, committed 10880K, reserved 1048576K
Event: 11.752 GC heap after
Heap after GC invocations=6 (full 2):
 PSYoungGen      total 305664K, used 25098K [0x00000007aab00000, 0x00000007c0000000, 0x00000007c0000000)
  eden space 262144K, 0% used [0x00000007aab00000,0x00000007aab00000,0x00000007bab00000)
  from space 43520K, 57% used [0x00000007bd580000,0x00000007bee02b38,0x00000007c0000000)
  to   space 43520K, 0% used [0x00000007bab00000,0x00000007bab00000,0x00000007bd580000)
 ParOldGen       total 699392K, used 18354K [0x0000000780000000, 0x00000007aab00000, 0x00000007aab00000)
  object space 699392K, 2% used [0x0000000780000000,0x00000007811ecb60,0x00000007aab00000)
 Metaspace       used 56566K, capacity 57130K, committed 57216K, reserved 1095680K
  class space    used 10643K, capacity 10833K, committed 10880K, reserved 1048576K
}
Event: 12.020 GC heap before
{Heap before GC invocations=7 (full 2):
 PSYoungGen      total 305664K, used 44654K [0x00000007aab00000, 0x00000007c0000000, 0x00000007c0000000)
  eden space 262144K, 7% used [0x00000007aab00000,0x00000007abe18fc0,0x00000007bab00000)
  from space 43520K, 57% used [0x00000007bd580000,0x00000007bee02b38,0x00000007c0000000)
  to   space 43520K, 0% used [0x00000007bab00000,0x00000007bab00000,0x00000007bd580000)
 ParOldGen       total 699392K, used 18354K [0x0000000780000000, 0x00000007aab00000, 0x00000007aab00000)
  object space 699392K, 2% used [0x0000000780000000,0x00000007811ecb60,0x00000007aab00000)
 Metaspace       used 58533K, capacity 59050K, committed 59160K, reserved 1097728K
  class space    used 10896K, capacity 11089K, committed 11136K, reserved 1048576K
Event: 12.038 GC heap after
Heap after GC invocations=7 (full 2):
 PSYoungGen      total 305664K, used 18212K [0x00000007aab00000, 0x00000007c0000000, 0x00000007c0000000)
  eden space 262144K, 0% used [0x00000007aab00000,0x00000007aab00000,0x00000007bab00000)
  from space 43520K, 41% used [0x00000007bab00000,0x00000007bbcc9210,0x00000007bd580000)
  to   space 23040K, 0% used [0x00000007be980000,0x00000007be980000,0x00000007c0000000)
 ParOldGen       total 699392K, used 18426K [0x0000000780000000, 0x00000007aab00000, 0x00000007aab00000)
  object space 699392K, 2% used [0x0000000780000000,0x00000007811feb70,0x00000007aab00000)
 Metaspace       used 58533K, capacity 59050K, committed 59160K, reserved 1097728K
  class space    used 10896K, capacity 11089K, committed 11136K, reserved 1048576K
}
Event: 12.038 GC heap before
{Heap before GC invocations=8 (full 3):
 PSYoungGen      total 305664K, used 18212K [0x00000007aab00000, 0x00000007c0000000, 0x00000007c0000000)
  eden space 262144K, 0% used [0x00000007aab00000,0x00000007aab00000,0x00000007bab00000)
  from space 43520K, 41% used [0x00000007bab00000,0x00000007bbcc9210,0x00000007bd580000)
  to   space 23040K, 0% used [0x00000007be980000,0x00000007be980000,0x00000007c0000000)
 ParOldGen       total 699392K, used 18426K [0x0000000780000000, 0x00000007aab00000, 0x00000007aab00000)
  object space 699392K, 2% used [0x0000000780000000,0x00000007811feb70,0x00000007aab00000)
 Metaspace       used 58533K, capacity 59050K, committed 59160K, reserved 1097728K
  class space    used 10896K, capacity 11089K, committed 11136K, reserved 1048576K
Event: 12.151 GC heap after
Heap after GC invocations=8 (full 3):
 PSYoungGen      total 305664K, used 0K [0x00000007aab00000, 0x00000007c0000000, 0x00000007c0000000)
  eden space 262144K, 0% used [0x00000007aab00000,0x00000007aab00000,0x00000007bab00000)
  from space 43520K, 0% used [0x00000007bab00000,0x00000007bab00000,0x00000007bd580000)
  to   space 23040K, 0% used [0x00000007be980000,0x00000007be980000,0x00000007c0000000)
 ParOldGen       total 699392K, used 24894K [0x0000000780000000, 0x00000007aab00000, 0x00000007aab00000)
  object space 699392K, 3% used [0x0000000780000000,0x000000078184f8a8,0x00000007aab00000)
 Metaspace       used 58164K, capacity 58600K, committed 59160K, reserved 1097728K
  class space    used 10839K, capacity 11003K, committed 11136K, reserved 1048576K
}
Event: 69.442 GC heap before
{Heap before GC invocations=9 (full 3):
 PSYoungGen      total 305664K, used 262144K [0x00000007aab00000, 0x00000007c0000000, 0x00000007c0000000)
  eden space 262144K, 100% used [0x00000007aab00000,0x00000007bab00000,0x00000007bab00000)
  from space 43520K, 0% used [0x00000007bab00000,0x00000007bab00000,0x00000007bd580000)
  to   space 23040K, 0% used [0x00000007be980000,0x00000007be980000,0x00000007c0000000)
 ParOldGen       total 699392K, used 24894K [0x0000000780000000, 0x00000007aab00000, 0x00000007aab00000)
  object space 699392K, 3% used [0x0000000780000000,0x000000078184f8a8,0x00000007aab00000)
 Metaspace       used 70836K, capacity 71632K, committed 71808K, reserved 1107968K
  class space    used 12955K, capacity 13161K, committed 13184K, reserved 1048576K
Event: 69.464 GC heap after
Heap after GC invocations=9 (full 3):
 PSYoungGen      total 321024K, used 23024K [0x00000007aab00000, 0x00000007c0000000, 0x00000007c0000000)
  eden space 297984K, 0% used [0x00000007aab00000,0x00000007aab00000,0x00000007bce00000)
  from space 23040K, 99% used [0x00000007be980000,0x00000007bfffc3e8,0x00000007c0000000)
  to   space 25600K, 0% used [0x00000007bce00000,0x00000007bce00000,0x00000007be700000)
 ParOldGen       total 699392K, used 25772K [0x0000000780000000, 0x00000007aab00000, 0x00000007aab00000)
  object space 699392K, 3% used [0x0000000780000000,0x000000078192b1f0,0x00000007aab00000)
 Metaspace       used 70836K, capacity 71632K, committed 71808K, reserved 1107968K
  class space    used 12955K, capacity 13161K, committed 13184K, reserved 1048576K
}
Event: 70.898 GC heap before
{Heap before GC invocations=10 (full 3):
 PSYoungGen      total 321024K, used 321008K [0x00000007aab00000, 0x00000007c0000000, 0x00000007c0000000)
  eden space 297984K, 100% used [0x00000007aab00000,0x00000007bce00000,0x00000007bce00000)
  from space 23040K, 99% used [0x00000007be980000,0x00000007bfffc3e8,0x00000007c0000000)
  to   space 25600K, 0% used [0x00000007bce00000,0x00000007bce00000,0x00000007be700000)
 ParOldGen       total 699392K, used 25772K [0x0000000780000000, 0x00000007aab00000, 0x00000007aab00000)
  object space 699392K, 3% used [0x0000000780000000,0x000000078192b1f0,0x00000007aab00000)
 Metaspace       used 72079K, capacity 72848K, committed 73088K, reserved 1110016K
  class space    used 13162K, capacity 13353K, committed 13440K, reserved 1048576K
Event: 70.907 GC heap after
Heap after GC invocations=10 (full 3):
 PSYoungGen      total 311808K, used 13816K [0x00000007aab00000, 0x00000007c0000000, 0x00000007c0000000)
  eden space 297984K, 0% used [0x00000007aab00000,0x00000007aab00000,0x00000007bce00000)
  from space 13824K, 99% used [0x00000007bce00000,0x00000007bdb7e2b0,0x00000007bdb80000)
  to   space 26112K, 0% used [0x00000007be680000,0x00000007be680000,0x00000007c0000000)
 ParOldGen       total 699392K, used 25780K [0x0000000780000000, 0x00000007aab00000, 0x00000007aab00000)
  object space 699392K, 3% used [0x0000000780000000,0x000000078192d1f0,0x00000007aab00000)
 Metaspace       used 72079K, capacity 72848K, committed 73088K, reserved 1110016K
  class space    used 13162K, capacity 13353K, committed 13440K, reserved 1048576K
}

Deoptimization events (10 events):
Event: 82.358 Thread 0x00007fcf1816e800 Uncommon trap: reason=null_check action=make_not_entrant pc=0x000000010f2f140c method=scala.concurrent.forkjoin.ForkJoinPool.externalPush(Lscala/concurrent/forkjoin/ForkJoinTask;)V @ 6
Event: 92.153 Thread 0x00007fcf18379800 Uncommon trap: reason=unstable_if action=reinterpret pc=0x000000010f2f9b2c method=scala.concurrent.forkjoin.ForkJoinPool.runWorker(Lscala/concurrent/forkjoin/ForkJoinPool$WorkQueue;)V @ 18
Event: 94.333 Thread 0x00007fcf17a09000 Uncommon trap: reason=null_check action=make_not_entrant pc=0x000000010f2fb2dc method=scala.concurrent.forkjoin.ForkJoinPool.externalPush(Lscala/concurrent/forkjoin/ForkJoinTask;)V @ 6
Event: 94.335 Thread 0x00007fcf16055000 Uncommon trap: reason=null_check action=make_not_entrant pc=0x000000010f220664 method=scala.concurrent.forkjoin.ForkJoinPool.externalPush(Lscala/concurrent/forkjoin/ForkJoinTask;)V @ 6
Event: 96.866 Thread 0x00007fcf17e0f000 Uncommon trap: reason=unstable_if action=reinterpret pc=0x000000010f2f9b2c method=scala.concurrent.forkjoin.ForkJoinPool.runWorker(Lscala/concurrent/forkjoin/ForkJoinPool$WorkQueue;)V @ 18
Event: 114.875 Thread 0x00007fcf13c72800 Uncommon trap: reason=unstable_if action=reinterpret pc=0x000000010f2f9b2c method=scala.concurrent.forkjoin.ForkJoinPool.runWorker(Lscala/concurrent/forkjoin/ForkJoinPool$WorkQueue;)V @ 18
Event: 136.881 Thread 0x00007fcf15a67800 Uncommon trap: reason=unstable_if action=reinterpret pc=0x000000010f2f9b2c method=scala.concurrent.forkjoin.ForkJoinPool.runWorker(Lscala/concurrent/forkjoin/ForkJoinPool$WorkQueue;)V @ 18
Event: 150.885 Thread 0x00007fcf17d52800 Uncommon trap: reason=unstable_if action=reinterpret pc=0x000000010f2f9b2c method=scala.concurrent.forkjoin.ForkJoinPool.runWorker(Lscala/concurrent/forkjoin/ForkJoinPool$WorkQueue;)V @ 18
Event: 2612.977 Thread 0x00007fcf18378800 Uncommon trap: reason=unstable_if action=reinterpret pc=0x000000010f2e4b30 method=eu.unicredit.algos.Chameneos$Chameneo.complement(Leu/unicredit/algos/Chameneos$Colour;)Leu/unicredit/algos/Chameneos$Colour; @ 230
Event: 2612.977 Thread 0x00007fcf178e3000 Uncommon trap: reason=unstable_if action=reinterpret pc=0x000000010f2e4ae8 method=eu.unicredit.algos.Chameneos$Chameneo.complement(Leu/unicredit/algos/Chameneos$Colour;)Leu/unicredit/algos/Chameneos$Colour; @ 114

Internal exceptions (10 events):
Event: 68.095 Thread 0x00007fcf18146800 Exception <a 'java/lang/ArrayIndexOutOfBoundsException': 1> (0x00000007b5deca08) thrown at [/HUDSON3/workspace/8-2-build-macosx-x86_64/jdk8u60/4296.nc/hotspot/src/share/vm/interpreter/interpreterRuntime.cpp, line 366]
Event: 68.096 Thread 0x00007fcf18146800 Exception <a 'java/lang/ArrayIndexOutOfBoundsException': 1> (0x00000007b5df0e28) thrown at [/HUDSON3/workspace/8-2-build-macosx-x86_64/jdk8u60/4296.nc/hotspot/src/share/vm/interpreter/interpreterRuntime.cpp, line 366]
Event: 68.096 Thread 0x00007fcf18146800 Exception <a 'java/lang/ArrayIndexOutOfBoundsException': 1> (0x00000007b5df4be8) thrown at [/HUDSON3/workspace/8-2-build-macosx-x86_64/jdk8u60/4296.nc/hotspot/src/share/vm/interpreter/interpreterRuntime.cpp, line 366]
Event: 68.096 Thread 0x00007fcf18146800 Exception <a 'java/lang/ArrayIndexOutOfBoundsException': 1> (0x00000007b5dfa010) thrown at [/HUDSON3/workspace/8-2-build-macosx-x86_64/jdk8u60/4296.nc/hotspot/src/share/vm/interpreter/interpreterRuntime.cpp, line 366]
Event: 68.096 Thread 0x00007fcf18146800 Exception <a 'java/lang/ArrayIndexOutOfBoundsException': 1> (0x00000007b5dff278) thrown at [/HUDSON3/workspace/8-2-build-macosx-x86_64/jdk8u60/4296.nc/hotspot/src/share/vm/interpreter/interpreterRuntime.cpp, line 366]
Event: 68.096 Thread 0x00007fcf18146800 Exception <a 'java/lang/ArrayIndexOutOfBoundsException': 1> (0x00000007b5e03398) thrown at [/HUDSON3/workspace/8-2-build-macosx-x86_64/jdk8u60/4296.nc/hotspot/src/share/vm/interpreter/interpreterRuntime.cpp, line 366]
Event: 81.851 Thread 0x00007fcf179fb000 Implicit null exception at 0x000000010f2f65a8 to 0x000000010f2f69b1
Event: 82.358 Thread 0x00007fcf1816e800 Implicit null exception at 0x000000010f2f0e33 to 0x000000010f2f13f9
Event: 94.333 Thread 0x00007fcf17a09000 Implicit null exception at 0x000000010f2faf40 to 0x000000010f2fb2d1
Event: 94.335 Thread 0x00007fcf16055000 Implicit null exception at 0x000000010f21ff33 to 0x000000010f220651

Events (10 events):
Event: 3367.257 Executing VM operation: RevokeBias
Event: 3367.257 Executing VM operation: RevokeBias done
Event: 3367.260 Thread 0x00007fcf13028000 flushing nmethod 0x000000010f2dbed0
Event: 3367.260 Thread 0x00007fcf13028000 flushing nmethod 0x000000010f2eed90
Event: 3367.260 Thread 0x00007fcf13028000 flushing nmethod 0x000000010f2f97d0
Event: 3367.260 Thread 0x00007fcf13028000 flushing nmethod 0x000000010f325e90
Event: 3367.260 Thread 0x00007fcf13028000 flushing nmethod 0x000000010f339e50
Event: 3367.260 Thread 0x00007fcf13028000 flushing nmethod 0x000000010f33c850
Event: 3367.763 loading class eu/unicredit/ws/BenchActor$$anonfun$receive$4
Event: 3367.763 loading class eu/unicredit/ws/BenchActor$$anonfun$receive$4 done


Dynamic libraries:
0x0000000000e5b000 	/System/Library/Frameworks/Cocoa.framework/Versions/A/Cocoa
0x0000000000e5b000 	/System/Library/Frameworks/Security.framework/Versions/A/Security
0x0000000000e5b000 	/System/Library/Frameworks/ApplicationServices.framework/Versions/A/ApplicationServices
0x0000000000e5b000 	/usr/lib/libz.1.dylib
0x0000000000e5b000 	/usr/lib/libSystem.B.dylib
0x0000000000e5b000 	/usr/lib/libobjc.A.dylib
0x0000000000e5b000 	/System/Library/Frameworks/CoreFoundation.framework/Versions/A/CoreFoundation
0x0000000000e5b000 	/System/Library/Frameworks/Foundation.framework/Versions/C/Foundation
0x0000000000e5b000 	/System/Library/Frameworks/AppKit.framework/Versions/C/AppKit
0x0000000000e5b000 	/System/Library/Frameworks/CoreData.framework/Versions/A/CoreData
0x0000000000e5b000 	/System/Library/PrivateFrameworks/RemoteViewServices.framework/Versions/A/RemoteViewServices
0x0000000000e5b000 	/System/Library/PrivateFrameworks/UIFoundation.framework/Versions/A/UIFoundation
0x0000000000e5b000 	/System/Library/Frameworks/IOSurface.framework/Versions/A/IOSurface
0x0000000000e5b000 	/System/Library/Frameworks/AudioToolbox.framework/Versions/A/AudioToolbox
0x0000000000e5b000 	/System/Library/Frameworks/AudioUnit.framework/Versions/A/AudioUnit
0x0000000000e5b000 	/System/Library/PrivateFrameworks/DataDetectorsCore.framework/Versions/A/DataDetectorsCore
0x0000000000e5b000 	/System/Library/PrivateFrameworks/DesktopServicesPriv.framework/Versions/A/DesktopServicesPriv
0x0000000000e5b000 	/System/Library/Frameworks/Carbon.framework/Versions/A/Frameworks/HIToolbox.framework/Versions/A/HIToolbox
0x0000000000e5b000 	/System/Library/Frameworks/QuartzCore.framework/Versions/A/QuartzCore
0x0000000000e5b000 	/System/Library/Frameworks/Carbon.framework/Versions/A/Frameworks/SpeechRecognition.framework/Versions/A/SpeechRecognition
0x0000000000e5b000 	/usr/lib/libauto.dylib
0x0000000000e5b000 	/usr/lib/libicucore.A.dylib
0x0000000000e5b000 	/usr/lib/libxml2.2.dylib
0x0000000000e5b000 	/System/Library/PrivateFrameworks/CoreUI.framework/Versions/A/CoreUI
0x0000000000e5b000 	/System/Library/Frameworks/CoreAudio.framework/Versions/A/CoreAudio
0x0000000000e5b000 	/System/Library/Frameworks/DiskArbitration.framework/Versions/A/DiskArbitration
0x0000000000e5b000 	/usr/lib/liblangid.dylib
0x0000000000e5b000 	/System/Library/PrivateFrameworks/MultitouchSupport.framework/Versions/A/MultitouchSupport
0x0000000000e5b000 	/System/Library/Frameworks/IOKit.framework/Versions/A/IOKit
0x0000000000e5b000 	/usr/lib/libDiagnosticMessagesClient.dylib
0x0000000000e5b000 	/System/Library/Frameworks/CoreServices.framework/Versions/A/CoreServices
0x0000000000e5b000 	/System/Library/PrivateFrameworks/PerformanceAnalysis.framework/Versions/A/PerformanceAnalysis
0x0000000000e5b000 	/System/Library/PrivateFrameworks/GenerationalStorage.framework/Versions/A/GenerationalStorage
0x0000000000e5b000 	/System/Library/Frameworks/OpenGL.framework/Versions/A/OpenGL
0x0000000000e5b000 	/System/Library/PrivateFrameworks/Sharing.framework/Versions/A/Sharing
0x0000000000e5b000 	/System/Library/Frameworks/CoreGraphics.framework/Versions/A/CoreGraphics
0x0000000000e5b000 	/System/Library/Frameworks/CoreText.framework/Versions/A/CoreText
0x0000000000e5b000 	/System/Library/Frameworks/ImageIO.framework/Versions/A/ImageIO
0x0000000000e5b000 	/usr/lib/libextension.dylib
0x0000000000e5b000 	/System/Library/PrivateFrameworks/Backup.framework/Versions/A/Backup
0x0000000000e5b000 	/usr/lib/libarchive.2.dylib
0x0000000000e5b000 	/System/Library/Frameworks/CFNetwork.framework/Versions/A/CFNetwork
0x0000000000e5b000 	/System/Library/Frameworks/SystemConfiguration.framework/Versions/A/SystemConfiguration
0x0000000000e5b000 	/usr/lib/libCRFSuite.dylib
0x0000000000e5b000 	/usr/lib/libc++.1.dylib
0x0000000000e5b000 	/usr/lib/libc++abi.dylib
0x0000000000e5b000 	/usr/lib/system/libcache.dylib
0x0000000000e5b000 	/usr/lib/system/libcommonCrypto.dylib
0x0000000000e5b000 	/usr/lib/system/libcompiler_rt.dylib
0x0000000000e5b000 	/usr/lib/system/libcopyfile.dylib
0x0000000000e5b000 	/usr/lib/system/libcorecrypto.dylib
0x0000000000e5b000 	/usr/lib/system/libdispatch.dylib
0x0000000000e5b000 	/usr/lib/system/libdyld.dylib
0x0000000000e5b000 	/usr/lib/system/libkeymgr.dylib
0x0000000000e5b000 	/usr/lib/system/liblaunch.dylib
0x0000000000e5b000 	/usr/lib/system/libmacho.dylib
0x0000000000e5b000 	/usr/lib/system/libquarantine.dylib
0x0000000000e5b000 	/usr/lib/system/libremovefile.dylib
0x0000000000e5b000 	/usr/lib/system/libsystem_asl.dylib
0x0000000000e5b000 	/usr/lib/system/libsystem_blocks.dylib
0x0000000000e5b000 	/usr/lib/system/libsystem_c.dylib
0x0000000000e5b000 	/usr/lib/system/libsystem_configuration.dylib
0x0000000000e5b000 	/usr/lib/system/libsystem_coreservices.dylib
0x0000000000e5b000 	/usr/lib/system/libsystem_coretls.dylib
0x0000000000e5b000 	/usr/lib/system/libsystem_dnssd.dylib
0x0000000000e5b000 	/usr/lib/system/libsystem_info.dylib
0x0000000000e5b000 	/usr/lib/system/libsystem_kernel.dylib
0x0000000000e5b000 	/usr/lib/system/libsystem_m.dylib
0x0000000000e5b000 	/usr/lib/system/libsystem_malloc.dylib
0x0000000000e5b000 	/usr/lib/system/libsystem_network.dylib
0x0000000000e5b000 	/usr/lib/system/libsystem_networkextension.dylib
0x0000000000e5b000 	/usr/lib/system/libsystem_notify.dylib
0x0000000000e5b000 	/usr/lib/system/libsystem_platform.dylib
0x0000000000e5b000 	/usr/lib/system/libsystem_pthread.dylib
0x0000000000e5b000 	/usr/lib/system/libsystem_sandbox.dylib
0x0000000000e5b000 	/usr/lib/system/libsystem_secinit.dylib
0x0000000000e5b000 	/usr/lib/system/libsystem_stats.dylib
0x0000000000e5b000 	/usr/lib/system/libsystem_trace.dylib
0x0000000000e5b000 	/usr/lib/system/libunc.dylib
0x0000000000e5b000 	/usr/lib/system/libunwind.dylib
0x0000000000e5b000 	/usr/lib/system/libxpc.dylib
0x0000000000e5b000 	/usr/lib/libbz2.1.0.dylib
0x0000000000e5b000 	/usr/lib/liblzma.5.dylib
0x0000000000e5b000 	/usr/lib/libbsm.0.dylib
0x0000000000e5b000 	/usr/lib/libsqlite3.dylib
0x0000000000e5b000 	/usr/lib/system/libkxld.dylib
0x0000000000e5b000 	/usr/lib/libxar.1.dylib
0x0000000000e5b000 	/usr/lib/libpam.2.dylib
0x0000000000e5b000 	/usr/lib/libOpenScriptingUtil.dylib
0x0000000000e5b000 	/System/Library/Frameworks/CoreServices.framework/Versions/A/Frameworks/FSEvents.framework/Versions/A/FSEvents
0x0000000000e5b000 	/System/Library/Frameworks/CoreServices.framework/Versions/A/Frameworks/CarbonCore.framework/Versions/A/CarbonCore
0x0000000000e5b000 	/System/Library/Frameworks/CoreServices.framework/Versions/A/Frameworks/Metadata.framework/Versions/A/Metadata
0x0000000000e5b000 	/System/Library/Frameworks/CoreServices.framework/Versions/A/Frameworks/OSServices.framework/Versions/A/OSServices
0x0000000000e5b000 	/System/Library/Frameworks/CoreServices.framework/Versions/A/Frameworks/SearchKit.framework/Versions/A/SearchKit
0x0000000000e5b000 	/System/Library/Frameworks/CoreServices.framework/Versions/A/Frameworks/AE.framework/Versions/A/AE
0x0000000000e5b000 	/System/Library/Frameworks/CoreServices.framework/Versions/A/Frameworks/LaunchServices.framework/Versions/A/LaunchServices
0x0000000000e5b000 	/System/Library/Frameworks/CoreServices.framework/Versions/A/Frameworks/DictionaryServices.framework/Versions/A/DictionaryServices
0x0000000000e5b000 	/System/Library/Frameworks/NetFS.framework/Versions/A/NetFS
0x0000000000e5b000 	/System/Library/PrivateFrameworks/NetAuth.framework/Versions/A/NetAuth
0x0000000000e5b000 	/System/Library/PrivateFrameworks/login.framework/Versions/A/Frameworks/loginsupport.framework/Versions/A/loginsupport
0x0000000000e5b000 	/System/Library/PrivateFrameworks/TCC.framework/Versions/A/TCC
0x0000000000e5b000 	/usr/lib/libmecabra.dylib
0x0000000000e5b000 	/System/Library/Frameworks/ApplicationServices.framework/Versions/A/Frameworks/ATS.framework/Versions/A/ATS
0x0000000000e5b000 	/System/Library/Frameworks/ApplicationServices.framework/Versions/A/Frameworks/ColorSync.framework/Versions/A/ColorSync
0x0000000000e5b000 	/System/Library/Frameworks/ApplicationServices.framework/Versions/A/Frameworks/HIServices.framework/Versions/A/HIServices
0x0000000000e5b000 	/System/Library/Frameworks/ApplicationServices.framework/Versions/A/Frameworks/LangAnalysis.framework/Versions/A/LangAnalysis
0x0000000000e5b000 	/System/Library/Frameworks/ApplicationServices.framework/Versions/A/Frameworks/PrintCore.framework/Versions/A/PrintCore
0x0000000000e5b000 	/System/Library/Frameworks/ApplicationServices.framework/Versions/A/Frameworks/QD.framework/Versions/A/QD
0x0000000000e5b000 	/System/Library/Frameworks/ApplicationServices.framework/Versions/A/Frameworks/SpeechSynthesis.framework/Versions/A/SpeechSynthesis
0x0000000000e5b000 	/System/Library/Frameworks/Accelerate.framework/Versions/A/Accelerate
0x0000000000e5b000 	/System/Library/Frameworks/Accelerate.framework/Versions/A/Frameworks/vImage.framework/Versions/A/vImage
0x0000000000e5b000 	/System/Library/Frameworks/Accelerate.framework/Versions/A/Frameworks/vecLib.framework/Versions/A/vecLib
0x0000000000e5b000 	/System/Library/Frameworks/Accelerate.framework/Versions/A/Frameworks/vecLib.framework/Versions/A/libvDSP.dylib
0x0000000000e5b000 	/System/Library/Frameworks/Accelerate.framework/Versions/A/Frameworks/vecLib.framework/Versions/A/libvMisc.dylib
0x0000000000e5b000 	/System/Library/Frameworks/Accelerate.framework/Versions/A/Frameworks/vecLib.framework/Versions/A/libLAPACK.dylib
0x0000000000e5b000 	/System/Library/Frameworks/Accelerate.framework/Versions/A/Frameworks/vecLib.framework/Versions/A/libBLAS.dylib
0x0000000000e5b000 	/System/Library/Frameworks/Accelerate.framework/Versions/A/Frameworks/vecLib.framework/Versions/A/libLinearAlgebra.dylib
0x0000000000e5b000 	/System/Library/Frameworks/ApplicationServices.framework/Versions/A/Frameworks/ATS.framework/Versions/A/Resources/libFontParser.dylib
0x0000000000e5b000 	/System/Library/Frameworks/ApplicationServices.framework/Versions/A/Frameworks/ATS.framework/Versions/A/Resources/libFontRegistry.dylib
0x0000000000e5b000 	/System/Library/PrivateFrameworks/AppleVPA.framework/Versions/A/AppleVPA
0x0000000000e5b000 	/System/Library/PrivateFrameworks/AppleJPEG.framework/Versions/A/AppleJPEG
0x0000000000e5b000 	/System/Library/Frameworks/ImageIO.framework/Versions/A/Resources/libJPEG.dylib
0x0000000000e5b000 	/System/Library/Frameworks/ImageIO.framework/Versions/A/Resources/libTIFF.dylib
0x0000000000e5b000 	/System/Library/Frameworks/ImageIO.framework/Versions/A/Resources/libPng.dylib
0x0000000000e5b000 	/System/Library/Frameworks/ImageIO.framework/Versions/A/Resources/libGIF.dylib
0x0000000000e5b000 	/System/Library/Frameworks/ImageIO.framework/Versions/A/Resources/libJP2.dylib
0x0000000000e5b000 	/System/Library/Frameworks/ImageIO.framework/Versions/A/Resources/libRadiance.dylib
0x0000000000e5b000 	/System/Library/Frameworks/CoreVideo.framework/Versions/A/CoreVideo
0x0000000000e5b000 	/System/Library/Frameworks/OpenGL.framework/Versions/A/Libraries/libGLU.dylib
0x0000000000e5b000 	/System/Library/Frameworks/OpenGL.framework/Versions/A/Libraries/libGFXShared.dylib
0x0000000000e5b000 	/System/Library/Frameworks/OpenGL.framework/Versions/A/Libraries/libGL.dylib
0x0000000000e5b000 	/System/Library/Frameworks/OpenGL.framework/Versions/A/Libraries/libGLImage.dylib
0x0000000000e5b000 	/System/Library/Frameworks/OpenGL.framework/Versions/A/Libraries/libCVMSPluginSupport.dylib
0x0000000000e5b000 	/System/Library/Frameworks/OpenGL.framework/Versions/A/Libraries/libCoreVMClient.dylib
0x0000000000e5b000 	/usr/lib/libcups.2.dylib
0x0000000000e5b000 	/System/Library/Frameworks/Kerberos.framework/Versions/A/Kerberos
0x0000000000e5b000 	/System/Library/Frameworks/GSS.framework/Versions/A/GSS
0x0000000000e5b000 	/usr/lib/libresolv.9.dylib
0x0000000000e5b000 	/usr/lib/libiconv.2.dylib
0x0000000000e5b000 	/System/Library/PrivateFrameworks/Heimdal.framework/Versions/A/Heimdal
0x0000000000e5b000 	/usr/lib/libheimdal-asn1.dylib
0x0000000000e5b000 	/System/Library/Frameworks/OpenDirectory.framework/Versions/A/OpenDirectory
0x0000000000e5b000 	/System/Library/PrivateFrameworks/CommonAuth.framework/Versions/A/CommonAuth
0x0000000000e5b000 	/System/Library/Frameworks/OpenDirectory.framework/Versions/A/Frameworks/CFOpenDirectory.framework/Versions/A/CFOpenDirectory
0x0000000000e5b000 	/System/Library/Frameworks/SecurityFoundation.framework/Versions/A/SecurityFoundation
0x0000000000e5b000 	/System/Library/PrivateFrameworks/LanguageModeling.framework/Versions/A/LanguageModeling
0x0000000000e5b000 	/usr/lib/libcmph.dylib
0x0000000000e5b000 	/System/Library/Frameworks/ServiceManagement.framework/Versions/A/ServiceManagement
0x0000000000e5b000 	/usr/lib/libxslt.1.dylib
0x0000000000e5b000 	/System/Library/Frameworks/Carbon.framework/Versions/A/Frameworks/Ink.framework/Versions/A/Ink
0x0000000000e5b000 	/System/Library/Frameworks/QuartzCore.framework/Versions/A/Frameworks/CoreImage.framework/Versions/A/CoreImage
0x0000000000e5b000 	/System/Library/PrivateFrameworks/CrashReporterSupport.framework/Versions/A/CrashReporterSupport
0x0000000000e5b000 	/System/Library/Frameworks/OpenCL.framework/Versions/A/OpenCL
0x0000000000e5b000 	/System/Library/PrivateFrameworks/FaceCore.framework/Versions/A/FaceCore
0x0000000000e5b000 	/System/Library/PrivateFrameworks/Ubiquity.framework/Versions/A/Ubiquity
0x0000000000e5b000 	/System/Library/PrivateFrameworks/IconServices.framework/Versions/A/IconServices
0x0000000000e5b000 	/System/Library/PrivateFrameworks/ChunkingLibrary.framework/Versions/A/ChunkingLibrary
0x0000000000e5b000 	/System/Library/PrivateFrameworks/Apple80211.framework/Versions/A/Apple80211
0x0000000000e5b000 	/System/Library/Frameworks/CoreWLAN.framework/Versions/A/CoreWLAN
0x0000000000e5b000 	/System/Library/Frameworks/IOBluetooth.framework/Versions/A/IOBluetooth
0x0000000000e5b000 	/System/Library/PrivateFrameworks/CoreWiFi.framework/Versions/A/CoreWiFi
0x0000000000e5b000 	/System/Library/Frameworks/CoreBluetooth.framework/Versions/A/CoreBluetooth
0x0000000000e5b000 	/System/Library/PrivateFrameworks/DebugSymbols.framework/Versions/A/DebugSymbols
0x0000000000e5b000 	/System/Library/PrivateFrameworks/CoreSymbolication.framework/Versions/A/CoreSymbolication
0x0000000000e5b000 	/System/Library/PrivateFrameworks/Symbolication.framework/Versions/A/Symbolication
0x0000000000e5b000 	/System/Library/PrivateFrameworks/SpeechRecognitionCore.framework/Versions/A/SpeechRecognitionCore
0x000000010d400000 	/Library/Java/JavaVirtualMachines/jdk1.8.0_60.jdk/Contents/Home/jre/lib/server/libjvm.dylib
0x0000000000e5b000 	/usr/lib/libstdc++.6.dylib
0x000000010cbde000 	/Library/Java/JavaVirtualMachines/jdk1.8.0_60.jdk/Contents/Home/jre/lib/libverify.dylib
0x000000010e386000 	/Library/Java/JavaVirtualMachines/jdk1.8.0_60.jdk/Contents/Home/jre/lib/libjava.dylib
0x000000010cbf6000 	/Library/Java/JavaVirtualMachines/jdk1.8.0_60.jdk/Contents/Home/jre/lib/libzip.dylib
0x000000011acdf000 	/System/Library/Frameworks/JavaVM.framework/Frameworks/JavaRuntimeSupport.framework/JavaRuntimeSupport
0x000000011acf5000 	/System/Library/Frameworks/JavaVM.framework/Versions/A/Frameworks/JavaNativeFoundation.framework/Versions/A/JavaNativeFoundation
0x000000011ad09000 	/System/Library/Frameworks/JavaVM.framework/Versions/A/JavaVM
0x0000000000e5b000 	/System/Library/Frameworks/Carbon.framework/Versions/A/Carbon
0x000000011ad15000 	/System/Library/PrivateFrameworks/JavaLaunching.framework/Versions/A/JavaLaunching
0x0000000000e5b000 	/System/Library/Frameworks/Carbon.framework/Versions/A/Frameworks/CommonPanels.framework/Versions/A/CommonPanels
0x0000000000e5b000 	/System/Library/Frameworks/Carbon.framework/Versions/A/Frameworks/Help.framework/Versions/A/Help
0x0000000000e5b000 	/System/Library/Frameworks/Carbon.framework/Versions/A/Frameworks/ImageCapture.framework/Versions/A/ImageCapture
0x0000000000e5b000 	/System/Library/Frameworks/Carbon.framework/Versions/A/Frameworks/OpenScripting.framework/Versions/A/OpenScripting
0x0000000000e5b000 	/System/Library/Frameworks/Carbon.framework/Versions/A/Frameworks/Print.framework/Versions/A/Print
0x0000000000e5b000 	/System/Library/Frameworks/Carbon.framework/Versions/A/Frameworks/SecurityHI.framework/Versions/A/SecurityHI
0x000000011cc2b000 	/Library/Java/JavaVirtualMachines/jdk1.8.0_60.jdk/Contents/Home/jre/lib/libnet.dylib
0x000000011cc8a000 	/Library/Java/JavaVirtualMachines/jdk1.8.0_60.jdk/Contents/Home/jre/lib/libnio.dylib
0x000000011e9d2000 	/Library/Java/JavaVirtualMachines/jdk1.8.0_60.jdk/Contents/Home/jre/lib/libmanagement.dylib
0x000000011f37b000 	/Users/andrea/Documents/workspace/temp/splash/play-server/target/native_libraries/64bits/libjnotify.jnilib

VM Arguments:
jvm_args: -Xms1024m -Xmx1024m -XX:ReservedCodeCacheSize=128m -XX:MaxMetaspaceSize=256m 
java_command: /usr/local/Cellar/sbt/0.13.8/libexec/sbt-launch.jar
java_class_path (initial): /usr/local/Cellar/sbt/0.13.8/libexec/sbt-launch.jar
Launcher Type: SUN_STANDARD

Environment Variables:
JAVA_HOME=/Library/Java/JavaVirtualMachines/jdk1.8.0_60.jdk/Contents/Home
PATH=/Users/andrea/bin:/usr/local/bin:/usr/bin:/bin:/usr/sbin:/sbin:/opt/X11/bin:/usr/local/git/bin:/Library/TeX/texbin
SHELL=/bin/bash
DISPLAY=/private/tmp/com.apple.launchd.vXs3FLKV5U/org.macosforge.xquartz:0

Signal Handlers:
SIGSEGV: [libjvm.dylib+0x5a64a1], sa_mask[0]=11111111011111110111111111111111, sa_flags=SA_ONSTACK|SA_RESTART|SA_SIGINFO
SIGBUS: [libjvm.dylib+0x5a64a1], sa_mask[0]=11111111011111110111111111111111, sa_flags=SA_RESTART|SA_SIGINFO
SIGFPE: [libjvm.dylib+0x4801b8], sa_mask[0]=11111111011111110111111111111111, sa_flags=SA_RESTART|SA_SIGINFO
SIGPIPE: [libjvm.dylib+0x4801b8], sa_mask[0]=11111111011111110111111111111111, sa_flags=SA_RESTART|SA_SIGINFO
SIGXFSZ: [libjvm.dylib+0x4801b8], sa_mask[0]=11111111011111110111111111111111, sa_flags=SA_RESTART|SA_SIGINFO
SIGILL: [libjvm.dylib+0x4801b8], sa_mask[0]=11111111011111110111111111111111, sa_flags=SA_RESTART|SA_SIGINFO
SIGUSR1: SIG_DFL, sa_mask[0]=11011111011111100000000111000110, sa_flags=none
SIGUSR2: [libjvm.dylib+0x47fcd6], sa_mask[0]=00000000000000000000000000000000, sa_flags=SA_RESTART|SA_SIGINFO
SIGHUP: [libjvm.dylib+0x47e2ad], sa_mask[0]=11111111011111110111111111111111, sa_flags=SA_RESTART|SA_SIGINFO
SIGINT: [libjvm.dylib+0x47e2ad], sa_mask[0]=11111111011111110111111111111111, sa_flags=SA_RESTART|SA_SIGINFO
SIGTERM: [libjvm.dylib+0x47e2ad], sa_mask[0]=11111111011111110111111111111111, sa_flags=SA_RESTART|SA_SIGINFO
SIGQUIT: [libjvm.dylib+0x47e2ad], sa_mask[0]=11111111011111110111111111111111, sa_flags=SA_RESTART|SA_SIGINFO


---------------  S Y S T E M  ---------------

OS:Bsduname:Darwin 14.5.0 Darwin Kernel Version 14.5.0: Wed Jul 29 02:26:53 PDT 2015; root:xnu-2782.40.9~1/RELEASE_X86_64 x86_64
rlimit: STACK 8192k, CORE 0k, NPROC 709, NOFILE 10240, AS infinity
load average:2.22 2.01 2.02

CPU:total 4 (2 cores per cpu, 2 threads per core) family 6 model 61 stepping 4, cmov, cx8, fxsr, mmx, sse, sse2, sse3, ssse3, sse4.1, sse4.2, popcnt, avx, avx2, aes, clmul, erms, 3dnowpref, lzcnt, ht, tsc, tscinvbit, bmi1, bmi2, adx

Memory: 4k page, physical 16777216k(3708424k free)

/proc/meminfo:


vm_info: Java HotSpot(TM) 64-Bit Server VM (25.60-b23) for bsd-amd64 JRE (1.8.0_60-ea-b25), built on Jul 21 2015 17:20:38 by "java_re" with gcc 4.2.1 (Based on Apple Inc. build 5658) (LLVM build 2336.11.00)

time: Sat Oct 24 16:41:57 2015
elapsed time: 3367 seconds (0d 0h 56m 7s)

